2025-12-03 08:36:41, MOVE, v:1, k:poo@agenda, mode:PICK
2025-12-03 08:44:14, EXEC, v:1, k:poo@agenda, mode:FULL, rate:0, size:108
2025-12-03 08:50:17, EXEC, v:1, k:poo@agenda, mode:FULL, rate:0, size:108
2025-12-03 08:51:43, EXEC, v:1, k:poo@agenda, mode:FULL, rate:0, size:108
2025-12-03 08:52:18, EXEC, v:1, k:poo@agenda, mode:FULL, rate:0, size:108
2025-12-03 08:56:34, EXEC, v:1, k:poo@agenda, mode:FULL, rate:0, size:112
2025-12-03 08:56:45, EXEC, v:1, k:poo@agenda, mode:FULL, rate:0, size:112
2025-12-03 09:04:29, EXEC, v:1, k:poo@agenda, mode:FULL, rate:0
2025-12-03 09:06:30, EXEC, v:1, k:poo@agenda, mode:FULL, rate:0, size:114
2025-12-03 09:08:49, EXEC, v:1, k:poo@agenda, mode:FULL, rate:0, size:114
2025-12-03 09:08:54, MOVE, v:1, k:poo@agenda, mode:BACK
2025-12-03 09:09:07, MOVE, v:1, k:poo@agenda, mode:PICK
2025-12-03 09:09:56, EXEC, v:1, k:poo@agenda, mode:FULL, rate:0, size:116
2025-12-03 09:12:04, EXEC, v:1, k:poo@agenda, mode:FULL, rate:12, size:117
2025-12-03 09:12:15, MOVE, v:1, k:poo@agenda, mode:BACK
2025-12-03 09:12:17, MOVE, v:1, k:poo@agenda, mode:PICK
2025-12-03 09:12:20, EXEC, v:1, k:poo@agenda, mode:FULL, rate:12
2025-12-03 09:17:03, EXEC, v:1, k:poo@agenda, mode:FULL, rate:25, size:117
2025-12-03 09:18:29, EXEC, v:1, k:poo@agenda, mode:FULL, rate:0, size:117
2025-12-03 09:18:40, EXEC, v:1, k:poo@agenda, mode:FULL, rate:25, size:117
2025-12-03 09:19:50, EXEC, v:1, k:poo@agenda, mode:FULL, rate:25, size:116
2025-12-03 09:20:08, EXEC, v:1, k:poo@agenda, mode:FULL, rate:25
2025-12-03 09:20:08, EXEC, v:1, k:poo@agenda, mode:FULL, rate:25
2025-12-03 09:22:54, EXEC, v:1, k:poo@agenda, mode:FULL, rate:25, size:118
2025-12-03 09:28:07, EXEC, v:1, k:poo@agenda, mode:FULL, rate:0, size:121
2025-12-03 09:28:09, MOVE, v:1, k:poo@agenda, mode:BACK
2025-12-03 09:28:15, MOVE, v:1, k:poo@agenda, mode:PICK
2025-12-03 09:28:16, EXEC, v:1, k:poo@agenda, mode:FULL, rate:0
2025-12-03 09:31:10, EXEC, v:1, k:poo@agenda, mode:FULL, rate:37, size:126
2025-12-03 09:32:49, MOVE, v:1, k:poo@agenda, mode:BACK
2025-12-03 09:33:00, MOVE, v:1, k:poo@agenda, mode:PICK
2025-12-03 09:35:48, EXEC, v:1, k:poo@agenda, mode:FULL, rate:37, size:131
2025-12-03 09:36:00, EXEC, v:1, k:poo@agenda, mode:FULL, rate:37
2025-12-03 09:36:16, EXEC, v:1, k:poo@agenda, mode:FULL, rate:37, size:131
2025-12-03 09:36:24, EXEC, v:1, k:poo@agenda, mode:FULL, rate:0, size:131
2025-12-03 09:36:28, EXEC, v:1, k:poo@agenda, mode:FULL, rate:37, size:131
2025-12-03 09:37:06, EXEC, v:1, k:poo@agenda, mode:FULL, rate:37, size:131
2025-12-03 09:37:07, EXEC, v:1, k:poo@agenda, mode:FULL, rate:37
2025-12-03 09:37:30, EXEC, v:1, k:poo@agenda, mode:FULL, rate:37, size:131
2025-12-03 09:37:31, EXEC, v:1, k:poo@agenda, mode:FULL, rate:37
2025-12-03 09:37:59, EXEC, v:1, k:poo@agenda, mode:FULL, rate:62, size:131
2025-12-03 09:38:10, MOVE, v:1, k:poo@agenda, mode:BACK
2025-12-03 09:38:19, MOVE, v:1, k:poo@agenda, mode:PICK
2025-12-03 09:39:02, MOVE, v:1, k:poo@agenda, mode:BACK
2025-12-03 09:40:18, MOVE, v:1, k:poo@agenda, mode:PICK
2025-12-03 09:48:20, EXEC, v:1, k:poo@agenda, mode:FULL, rate:62, size:142
2025-12-03 09:49:03, EXEC, v:1, k:poo@agenda, mode:FULL, rate:75, size:142
2025-12-03 09:49:30, MOVE, v:1, k:poo@agenda, mode:BACK
2025-12-03 09:49:38, MOVE, v:1, k:poo@agenda, mode:PICK
2025-12-03 09:50:30, MOVE, v:1, k:poo@agenda, mode:BACK
2025-12-03 09:50:36, MOVE, v:1, k:poo@agenda, mode:PICK
2025-12-03 09:52:37, EXEC, v:1, k:poo@agenda, mode:FULL, rate:0, size:142
2025-12-03 09:52:54, EXEC, v:1, k:poo@agenda, mode:FULL, rate:75, size:142
2025-12-03 09:53:08, MOVE, v:1, k:poo@agenda, mode:BACK
2025-12-03 09:53:17, MOVE, v:1, k:poo@agenda, mode:PICK
2025-12-03 09:54:10, EXEC, v:1, k:poo@agenda, mode:FULL, rate:75
2025-12-03 09:54:56, EXEC, v:1, k:poo@agenda, mode:FULL, rate:75, size:142
2025-12-03 09:55:13, EXEC, v:1, k:poo@agenda, mode:FULL, rate:0, size:142
2025-12-03 09:55:22, EXEC, v:1, k:poo@agenda, mode:FULL, rate:75, size:142
2025-12-03 09:59:04, EXEC, v:1, k:poo@agenda, mode:FULL, rate:0, size:142
2025-12-03 09:59:10, EXEC, v:1, k:poo@agenda, mode:FULL, rate:75, size:142
2025-12-03 09:59:46, EXEC, v:1, k:poo@agenda, mode:FULL, rate:0, size:142
2025-12-03 10:01:39, EXEC, v:1, k:poo@agenda, mode:FULL, rate:0, size:142
2025-12-03 10:01:52, EXEC, v:1, k:poo@agenda, mode:FULL, rate:75, size:142
2025-12-03 10:06:15, EXEC, v:1, k:poo@agenda, mode:FULL, rate:75
2025-12-03 10:08:18, MOVE, v:1, k:poo@agenda, mode:BACK
2025-12-03 10:09:42, MOVE, v:1, k:poo@agenda, mode:PICK
2025-12-03 10:11:48, MOVE, v:1, k:poo@agenda, mode:BACK
2025-12-03 21:36:29, MOVE, v:1, k:poo@agenda, mode:PICK
2025-12-03 21:36:31, EXEC, v:1, k:poo@agenda, mode:FULL, rate:75
2025-12-03 21:41:01, EXEC, v:1, k:poo@agenda, mode:FULL, rate:75, size:150
2025-12-03 21:47:27, EXEC, v:1, k:poo@agenda, mode:FULL, rate:0, size:147
2025-12-03 21:47:42, EXEC, v:1, k:poo@agenda, mode:FULL, rate:100, size:147
2025-12-03 21:47:51, EXEC, v:1, k:poo@agenda, mode:FULL, rate:100
2025-12-03 21:48:02, MOVE, v:1, k:poo@agenda, mode:BACK
2025-12-03 21:49:02, SELF, v:1, k:poo@agenda, rate:100, alone:10, study:441
